<?xml version="1.0" encoding="UTF-8" ?>
<testsuite tests="13" failures="0" name="unit.model.PokemonTest" time="0.002" errors="0" skipped="0">
  <properties>
    <property name="java.runtime.name" value="OpenJDK Runtime Environment"/>
    <property name="java.vm.version" value="20.0.2+9-78"/>
    <property name="sun.boot.library.path" value="/home/franlinux3/.sdkman/candidates/java/20.0.2-open/lib"/>
    <property name="maven.multiModuleProjectDirectory" value="/home/franlinux3/Desktop/tpalgo3/snorelax-grupo-tps-algo3"/>
    <property name="java.vm.vendor" value="Oracle Corporation"/>
    <property name="java.vendor.url" value="https://java.oracle.com/"/>
    <property name="guice.disable.misplaced.annotation.check" value="true"/>
    <property name="path.separator" value=":"/>
    <property name="java.vm.name" value="OpenJDK 64-Bit Server VM"/>
    <property name="user.country" value="US"/>
    <property name="sun.java.launcher" value="SUN_STANDARD"/>
    <property name="java.vm.specification.name" value="Java Virtual Machine Specification"/>
    <property name="user.dir" value="/home/franlinux3/Desktop/tpalgo3/snorelax-grupo-tps-algo3/snorelax-grupo-tps-algo3-JuegoBeta2"/>
    <property name="java.vm.compressedOopsMode" value="32-bit"/>
    <property name="java.runtime.version" value="20.0.2+9-78"/>
    <property name="os.arch" value="amd64"/>
    <property name="java.io.tmpdir" value="/tmp"/>
    <property name="line.separator" value="
"/>
    <property name="java.vm.specification.vendor" value="Oracle Corporation"/>
    <property name="stderr.encoding" value="UTF-8"/>
    <property name="os.name" value="Linux"/>
    <property name="classworlds.conf" value="/usr/share/maven/bin/m2.conf"/>
    <property name="sun.jnu.encoding" value="UTF-8"/>
    <property name="stdout.encoding" value="UTF-8"/>
    <property name="java.library.path" value="/usr/java/packages/lib:/usr/lib64:/lib64:/lib:/usr/lib"/>
    <property name="maven.conf" value="/usr/share/maven/conf"/>
    <property name="jdk.debug" value="release"/>
    <property name="java.class.version" value="64.0"/>
    <property name="java.specification.name" value="Java Platform API Specification"/>
    <property name="sun.management.compiler" value="HotSpot 64-Bit Tiered Compilers"/>
    <property name="os.version" value="5.15.0-89-generic"/>
    <property name="library.jansi.path" value="/usr/share/maven/lib/jansi-native"/>
    <property name="user.home" value="/home/franlinux3"/>
    <property name="user.timezone" value="America/Argentina/Buenos_Aires"/>
    <property name="file.encoding" value="UTF-8"/>
    <property name="java.specification.version" value="20"/>
    <property name="user.name" value="franlinux3"/>
    <property name="java.class.path" value="/usr/share/maven/boot/plexus-classworlds-2.x.jar"/>
    <property name="java.vm.specification.version" value="20"/>
    <property name="sun.arch.data.model" value="64"/>
    <property name="sun.java.command" value="org.codehaus.plexus.classworlds.launcher.Launcher clean install"/>
    <property name="java.home" value="/home/franlinux3/.sdkman/candidates/java/20.0.2-open"/>
    <property name="user.language" value="en"/>
    <property name="java.specification.vendor" value="Oracle Corporation"/>
    <property name="java.vm.info" value="mixed mode, sharing"/>
    <property name="java.version" value="20.0.2"/>
    <property name="native.encoding" value="UTF-8"/>
    <property name="java.vendor" value="Oracle Corporation"/>
    <property name="maven.home" value="/usr/share/maven"/>
    <property name="file.separator" value="/"/>
    <property name="java.version.date" value="2023-07-18"/>
    <property name="java.vendor.url.bug" value="https://bugreport.java.com/bugreport/"/>
    <property name="sun.io.unicode.encoding" value="UnicodeLittle"/>
    <property name="sun.cpu.endian" value="little"/>
  </properties>
  <testcase classname="unit.model.PokemonTest" name="TestValidarSeReviveAPokemonMuertoSatisfactoriamente" time="0"/>
  <testcase classname="unit.model.PokemonTest" name="TestSeModificaEstadisticaDePokemon" time="0"/>
  <testcase classname="unit.model.PokemonTest" name="TestValidarAumentaVidaTieneTopeEnVidaMaxima" time="0"/>
  <testcase classname="unit.model.PokemonTest" name="TestValidarSeSacaElEstadoDeUnPokemonYVuelveANormal" time="0"/>
  <testcase classname="unit.model.PokemonTest" name="TestSeAumentaVidaDePokemonConVidaMaxima" time="0"/>
  <testcase classname="unit.model.PokemonTest" name="TestValidarSetearEstadoMuertoEliminaLosOtros" time="0"/>
  <testcase classname="unit.model.PokemonTest" name="TestValidarSeSeteaUnNuevoEstadoCorrectamente" time="0"/>
  <testcase classname="unit.model.PokemonTest" name="TestValidarAumentaVidaDePokemonQueNoTieneVidaMaxima" time="0"/>
  <testcase classname="unit.model.PokemonTest" name="TestValidarSeRestaVidaDePokemonQueRecibeDanio" time="0"/>
  <testcase classname="unit.model.PokemonTest" name="TestValidarSeSacaElEstadoDeUnPokemonPeroNoVuelveANormal" time="0"/>
  <testcase classname="unit.model.PokemonTest" name="TestValidarSetearEstadoNormalEliminaLosOtros" time="0"/>
  <testcase classname="unit.model.PokemonTest" name="TestValidarSeRestaVidaDePokemonYMuere" time="0"/>
  <testcase classname="unit.model.PokemonTest" name="TestValidarPokemonTieneMasDeUnEstadoAlMismoTiempo" time="0.002"/>
</testsuite>